<?xml version="1.0" encoding="UTF-8"?>
<testng-results ignored="0" total="2" passed="2" failed="0" skipped="0">
  <reporter-output>
    <line>
      <![CDATA[No of rows are::7]]>
    </line>
    <line>
      <![CDATA[No.of rows are::7]]>
    </line>
    <line>
      <![CDATA[invalid credentials]]>
    </line>
    <line>
      <![CDATA[invalid credentials]]>
    </line>
    <line>
      <![CDATA[username cannot be empty]]>
    </line>
    <line>
      <![CDATA[invalid credentials]]>
    </line>
    <line>
      <![CDATA[invalid credentials]]>
    </line>
    <line>
      <![CDATA[username cannot be empty]]>
    </line>
    <line>
      <![CDATA[invalid credentials]]>
    </line>
  </reporter-output>
  <suite started-at="2025-03-26T21:35:59 IST" name="DataDrivenFramework" finished-at="2025-03-26T21:36:47 IST" duration-ms="47700">
    <groups>
    </groups>
    <test started-at="2025-03-26T21:35:59 IST" name="ValidLogin" finished-at="2025-03-26T21:36:33 IST" duration-ms="34263">
      <class name="driverFactory.AdminLoginValidData">
        <test-method is-config="true" signature="setUp()[pri:0, instance:driverFactory.AdminLoginValidData@51399530]" started-at="2025-03-26T21:35:59 IST" name="setUp" finished-at="2025-03-26T21:36:06 IST" duration-ms="6654" status="PASS">
          <reporter-output>
          </reporter-output>
        </test-method> <!-- setUp -->
        <test-method signature="startTest()[pri:0, instance:driverFactory.AdminLoginValidData@51399530]" started-at="2025-03-26T21:36:06 IST" name="startTest" finished-at="2025-03-26T21:36:33 IST" duration-ms="27234" status="PASS">
          <reporter-output>
            <line>
              <![CDATA[No of rows are::7]]>
            </line>
          </reporter-output>
        </test-method> <!-- startTest -->
        <test-method is-config="true" signature="tearDowm()[pri:0, instance:driverFactory.AdminLoginValidData@51399530]" started-at="2025-03-26T21:36:33 IST" name="tearDowm" finished-at="2025-03-26T21:36:33 IST" duration-ms="292" status="PASS">
          <reporter-output>
          </reporter-output>
        </test-method> <!-- tearDowm -->
      </class> <!-- driverFactory.AdminLoginValidData -->
    </test> <!-- ValidLogin -->
    <test started-at="2025-03-26T21:36:33 IST" name="InvalidLogin" finished-at="2025-03-26T21:36:47 IST" duration-ms="13393">
      <class name="driverFactory.AdminLoginInvalidData">
        <test-method is-config="true" signature="setUp()[pri:0, instance:driverFactory.AdminLoginInvalidData@2362f559]" started-at="2025-03-26T21:36:33 IST" name="setUp" finished-at="2025-03-26T21:36:38 IST" duration-ms="4769" status="PASS">
          <reporter-output>
          </reporter-output>
        </test-method> <!-- setUp -->
        <test-method signature="startTest()[pri:0, instance:driverFactory.AdminLoginInvalidData@2362f559]" started-at="2025-03-26T21:36:38 IST" name="startTest" finished-at="2025-03-26T21:36:46 IST" duration-ms="8284" status="PASS">
          <reporter-output>
            <line>
              <![CDATA[No.of rows are::7]]>
            </line>
            <line>
              <![CDATA[invalid credentials]]>
            </line>
            <line>
              <![CDATA[invalid credentials]]>
            </line>
            <line>
              <![CDATA[username cannot be empty]]>
            </line>
            <line>
              <![CDATA[invalid credentials]]>
            </line>
            <line>
              <![CDATA[invalid credentials]]>
            </line>
            <line>
              <![CDATA[username cannot be empty]]>
            </line>
            <line>
              <![CDATA[invalid credentials]]>
            </line>
          </reporter-output>
        </test-method> <!-- startTest -->
        <test-method is-config="true" signature="tearDowm()[pri:0, instance:driverFactory.AdminLoginInvalidData@2362f559]" started-at="2025-03-26T21:36:46 IST" name="tearDowm" finished-at="2025-03-26T21:36:47 IST" duration-ms="331" status="PASS">
          <reporter-output>
          </reporter-output>
        </test-method> <!-- tearDowm -->
      </class> <!-- driverFactory.AdminLoginInvalidData -->
    </test> <!-- InvalidLogin -->
  </suite> <!-- DataDrivenFramework -->
</testng-results>
